#
# A fatal error has been detected by the Java Runtime Environment:
#
#  EXCEPTION_ACCESS_VIOLATION (0xc0000005) at pc=0x00007ffcaac17470, pid=3688, tid=16348
#
# JRE version: OpenJDK Runtime Environment AdoptOpenJDK (15.0.1+9) (build 15.0.1+9)
# Java VM: OpenJDK 64-Bit Server VM AdoptOpenJDK (15.0.1+9, mixed mode, sharing, tiered, compressed oops, g1 gc, windows-amd64)
# Problematic frame:
# C  [nvoglv64.dll+0x917470]
#
# No core dump will be written. Minidumps are not enabled by default on client versions of Windows
#
# If you would like to submit a bug report, please visit:
#   https://github.com/AdoptOpenJDK/openjdk-support/issues
# The crash happened outside the Java Virtual Machine in native code.
# See problematic frame for where to report the bug.
#

---------------  S U M M A R Y ------------

Command Line: -Dfile.encoding=Cp1252 -XX:+ShowCodeDetailsInExceptionMessages captainsly.Main

Host: Intel(R) Core(TM) i7-9750H CPU @ 2.60GHz, 12 cores, 15G,  Windows 10 , 64 bit Build 22000 (10.0.22000.434)
Time: Tue Feb 15 12:52:52 2022 Central Standard Time elapsed time: 0.820896 seconds (0d 0h 0m 0s)

---------------  T H R E A D  ---------------

Current thread (0x000002400be784f0):  JavaThread "main" [_thread_in_native, id=16348, stack(0x000000c123300000,0x000000c123400000)]

Stack: [0x000000c123300000,0x000000c123400000],  sp=0x000000c1233ff3b0,  free space=1020k
Native frames: (J=compiled Java code, j=interpreted, Vv=VM code, C=native code)
C  [nvoglv64.dll+0x917470]

Java frames: (J=compiled Java code, j=interpreted, Vv=VM code)
j  org.lwjgl.opengl.GL11C.nglDrawElements(IIIJ)V+0
j  org.lwjgl.opengl.GL11C.glDrawElements(IIIJ)V+4
j  org.lwjgl.opengl.GL11.glDrawElements(IIIJ)V+4
j  captainsly.adventure.core.render.mesh.Mesh.draw()V+24
j  captainsly.TestScene.onRender(D)V+63
j  captainsly.adventure.core.Engine.engineLoop()V+191
j  captainsly.adventure.core.Engine.run()V+1
j  captainsly.Main.main([Ljava/lang/String;)V+16
v  ~StubRoutines::call_stub

siginfo: EXCEPTION_ACCESS_VIOLATION (0xc0000005), reading address 0x0000000000000000


Register to memory mapping:

RIP=0x00007ffcaac17470 nvoglv64.dll
RAX=0x0 is NULL
RBX=0x0 is NULL
RCX=0x00000000ffffffff is an unknown value
RDX=0x00000240349ec720 points into unknown readable memory: 0x0000000000000000 | 00 00 00 00 00 00 00 00
RSP=0x000000c1233ff3b0 is pointing into the stack for thread: 0x000002400be784f0
RBP=0x000000000000005c is an unknown value
RSI=0x000000000000000c is an unknown value
RDI=0x0000024031b2b080 points into unknown readable memory: 0x0000000000000000 | 00 00 00 00 00 00 00 00
R8 =0x0000000000000004 is an unknown value
R9 =0x00000240349ec6f8 points into unknown readable memory: 0x000000040002e006 | 06 e0 02 00 04 00 00 00
R10=0x00000240349ec710 points into unknown readable memory: 0x0000000000000000 | 00 00 00 00 00 00 00 00
R11=0x0000000000000001 is an unknown value
R12=0x00000240349ec720 points into unknown readable memory: 0x0000000000000000 | 00 00 00 00 00 00 00 00
R13=0x0000000000001405 is an unknown value
R14=0x0000000000000030 is an unknown value
R15=0x0 is NULL


Registers:
RAX=0x0000000000000000, RBX=0x0000000000000000, RCX=0x00000000ffffffff, RDX=0x00000240349ec720
RSP=0x000000c1233ff3b0, RBP=0x000000000000005c, RSI=0x000000000000000c, RDI=0x0000024031b2b080
R8 =0x0000000000000004, R9 =0x00000240349ec6f8, R10=0x00000240349ec710, R11=0x0000000000000001
R12=0x00000240349ec720, R13=0x0000000000001405, R14=0x0000000000000030, R15=0x0000000000000000
RIP=0x00007ffcaac17470, EFLAGS=0x0000000000010297

Top of Stack: (sp=0x000000c1233ff3b0)
0x000000c1233ff3b0:   000002400be784f0 000000c1233ff518
0x000000c1233ff3c0:   000000c1233ff4d8 00007ffcf2ffd8b7
0x000000c1233ff3d0:   000000c1233ff3f0 000002400be5e030
0x000000c1233ff3e0:   000000000017555d 000002401439e2b8
0x000000c1233ff3f0:   000002403028d820 000002400be784f0
0x000000c1233ff400:   0000000000000000 0000000000000000
0x000000c1233ff410:   000002400be784f0 000002403028d820
0x000000c1233ff420:   0000000000000000 000002401437a1aa
0x000000c1233ff430:   0000024034f5a470 000002401437f177
0x000000c1233ff440:   000000c1233ff4d8 00007ffcf3280001
0x000000c1233ff450:   000000c1233ff518 000002403028d820
0x000000c1233ff460:   0000024000001405 0000000000000000
0x000000c1233ff470:   000002401437a1aa 00007ffcf32799ec
0x000000c1233ff480:   3ff0000000000000 000002401437ee16
0x000000c1233ff490:   000000c1233ff490 000002403028d820
0x000000c1233ff4a0:   000000c1233ff518 00000240302984c0 

Instructions: (pc=0x00007ffcaac17470)
0x00007ffcaac17370:   90 00 00 00 4c 8b b4 24 a0 00 00 00 48 8b 9c 24
0x00007ffcaac17380:   a8 00 00 00 48 83 c4 60 41 5f 41 5d 41 5c 5f 5e
0x00007ffcaac17390:   c3 4c 8b 4f 40 8b c3 48 8b 4f 50 49 2b c9 48 c1
0x00007ffcaac173a0:   f9 02 85 c9 0f 49 c1 c1 e0 02 3b e8 72 0e 8b d5
0x00007ffcaac173b0:   48 8b cf e8 d8 3d 21 00 4c 8b 4f 40 8b c5 45 89
0x00007ffcaac173c0:   61 04 c1 e0 0b 83 c8 06 41 89 71 08 41 89 01 45
0x00007ffcaac173d0:   89 69 0c 4d 89 79 10 38 9c 24 98 00 00 00 0f 84
0x00007ffcaac173e0:   15 01 00 00 4c 8b 57 40 41 8d 4f 0f 83 e1 f0 49
0x00007ffcaac173f0:   83 c2 18 41 2b cf 0f 57 db d1 f9 49 8b c7 44 8b
0x00007ffcaac17400:   c6 66 0f 7f 5c 24 50 49 8d 52 04 03 ca 49 8d 52
0x00007ffcaac17410:   04 f7 d9 83 e1 0f 48 03 d1 4c 8b e2 41 f6 c7 0f
0x00007ffcaac17420:   74 1b 45 85 c0 74 16 8b 08 41 ff c8 66 89 0a 0b
0x00007ffcaac17430:   d9 48 83 c2 02 48 83 c0 04 a8 0f 75 e5 41 83 f8
0x00007ffcaac17440:   08 7e 71 66 0f 6f 25 b5 40 9f 01 41 8d 48 f7 66
0x00007ffcaac17450:   0f 6f 2d b9 40 9f 01 c1 e9 03 ff c1 44 8b d9 f7
0x00007ffcaac17460:   d9 45 8d 04 c8 66 66 66 0f 1f 84 00 00 00 00 00
0x00007ffcaac17470:   f3 0f 6f 10 f3 0f 6f 48 10 66 0f 6f c2 66 0f eb
0x00007ffcaac17480:   c3 48 83 c0 20 66 0f 6f d8 66 0f eb d9 0f 18 00
0x00007ffcaac17490:   66 0f fe d4 66 0f fe cc 66 0f 6b d1 66 0f fd d5
0x00007ffcaac174a0:   f3 0f 7f 12 48 83 c2 10 49 83 eb 01 75 c2 66 0f
0x00007ffcaac174b0:   7f 5c 24 50 8b 4c 24 5c 0b 4c 24 58 0b 4c 24 54
0x00007ffcaac174c0:   0b 4c 24 50 0b d9 45 85 c0 74 1a 0f 1f 44 00 00
0x00007ffcaac174d0:   8b 08 0b d9 66 89 0a 48 8d 52 02 48 8d 40 04 41
0x00007ffcaac174e0:   83 e8 01 75 eb 45 2b e2 45 89 22 f7 c3 00 00 ff
0x00007ffcaac174f0:   ff 74 46 ff 87 ec ef 55 00 48 8b 5f 40 49 8b d7
0x00007ffcaac17500:   4d 63 c6 48 8d 4b 1c e8 c4 39 95 00 c7 43 18 04
0x00007ffcaac17510:   00 00 00 48 63 c5 48 83 e0 fc 48 01 47 40 48 8b
0x00007ffcaac17520:   47 40 48 3b 47 48 0f 82 40 fe ff ff 48 8b cf e8
0x00007ffcaac17530:   8c 38 21 00 e9 33 fe ff ff 41 c7 41 0c 03 14 00
0x00007ffcaac17540:   00 41 8b 2a 48 8b 47 40 83 c5 03 8d 6c 75 00 83
0x00007ffcaac17550:   e5 fc 83 c5 18 8b cd c1 e1 0b 83 c9 06 89 08 8b
0x00007ffcaac17560:   87 ec ef 55 00 85 c0 74 aa ff c8 89 87 ec ef 55 


Stack slot to memory mapping:
stack at sp + 0 slots: 0x000002400be784f0 is a thread
stack at sp + 1 slots: 0x000000c1233ff518 is pointing into the stack for thread: 0x000002400be784f0
stack at sp + 2 slots: 0x000000c1233ff4d8 is pointing into the stack for thread: 0x000002400be784f0
stack at sp + 3 slots: 0x00007ffcf2ffd8b7 jvm.dll
stack at sp + 4 slots: 0x000000c1233ff3f0 is pointing into the stack for thread: 0x000002400be784f0
stack at sp + 5 slots: 0x000002400be5e030 points into unknown readable memory: 0x0000000000000002 | 02 00 00 00 00 00 00 00
stack at sp + 6 slots: 0x000000000017555d is an unknown value
stack at sp + 7 slots: 0x000002401439e2b8 is at code_begin+4408 in 
[CodeBlob (0x000002401439d110)]
Framesize: 0
BufferBlob (0x000002401439d110) used for native signature handlers


---------------  P R O C E S S  ---------------

Threads class SMR info:
_java_thread_list=0x0000024030580520, length=11, elements={
0x000002400be784f0, 0x000002402fb93930, 0x000002402fb94500, 0x000002402fbb1610,
0x000002402fbb3ee0, 0x000002402fbb47a0, 0x000002402fbbb8b0, 0x000002402fbc42b0,
0x000002402fbcf0c0, 0x000002403056af00, 0x00000240305807c0
}

Java Threads: ( => current thread )
=>0x000002400be784f0 JavaThread "main" [_thread_in_native, id=16348, stack(0x000000c123300000,0x000000c123400000)]
  0x000002402fb93930 JavaThread "Reference Handler" daemon [_thread_blocked, id=4092, stack(0x000000c123a00000,0x000000c123b00000)]
  0x000002402fb94500 JavaThread "Finalizer" daemon [_thread_blocked, id=17792, stack(0x000000c123b00000,0x000000c123c00000)]
  0x000002402fbb1610 JavaThread "Signal Dispatcher" daemon [_thread_blocked, id=7788, stack(0x000000c123c00000,0x000000c123d00000)]
  0x000002402fbb3ee0 JavaThread "Attach Listener" daemon [_thread_blocked, id=19760, stack(0x000000c123d00000,0x000000c123e00000)]
  0x000002402fbb47a0 JavaThread "Service Thread" daemon [_thread_blocked, id=784, stack(0x000000c123e00000,0x000000c123f00000)]
  0x000002402fbbb8b0 JavaThread "C2 CompilerThread0" daemon [_thread_blocked, id=10324, stack(0x000000c123f00000,0x000000c124000000)]
  0x000002402fbc42b0 JavaThread "C1 CompilerThread0" daemon [_thread_blocked, id=20012, stack(0x000000c124000000,0x000000c124100000)]
  0x000002402fbcf0c0 JavaThread "Sweeper thread" daemon [_thread_blocked, id=16308, stack(0x000000c124100000,0x000000c124200000)]
  0x000002403056af00 JavaThread "Notification Thread" daemon [_thread_blocked, id=19992, stack(0x000000c124200000,0x000000c124300000)]
  0x00000240305807c0 JavaThread "Common-Cleaner" daemon [_thread_blocked, id=17128, stack(0x000000c124400000,0x000000c124500000)]

Other Threads:
  0x000002402fb930c0 VMThread "VM Thread" [stack: 0x000000c123900000,0x000000c123a00000] [id=10704]
  0x000002403056bbf0 WatcherThread [stack: 0x000000c124300000,0x000000c124400000] [id=13976]
  0x000002400bec80e0 GCTaskThread "GC Thread#0" [stack: 0x000000c123400000,0x000000c123500000] [id=6768]
  0x000002400bed98d0 ConcurrentGCThread "G1 Main Marker" [stack: 0x000000c123500000,0x000000c123600000] [id=1396]
  0x000002400beda540 ConcurrentGCThread "G1 Conc#0" [stack: 0x000000c123600000,0x000000c123700000] [id=7492]
  0x000002400bf3d1b0 ConcurrentGCThread "G1 Refine#0" [stack: 0x000000c123700000,0x000000c123800000] [id=14836]
  0x000002400bf3ddb0 ConcurrentGCThread "G1 Young RemSet Sampling" [stack: 0x000000c123800000,0x000000c123900000] [id=768]

Threads with active compile tasks:

VM state: not at safepoint (normal execution)

VM Mutex/Monitor currently owned by a thread: None

Heap address: 0x0000000702800000, size: 4056 MB, Compressed Oops mode: Zero based, Oop shift amount: 3
CDS archive(s) mapped at: [0x0000000800000000-0x0000000800b50000-0x0000000800b50000), size 11862016, SharedBaseAddress: 0x0000000800000000, ArchiveRelocationMode: 0.
Compressed class space mapped at: 0x0000000800b50000-0x0000000840b50000, size: 1073741824
Narrow klass base: 0x0000000800000000, Narrow klass shift: 3, Narrow klass range: 0x100000000

GC Precious Log:
 CPUs: 12 total, 12 available
 Memory: 16221M
 Large Page Support: Disabled
 NUMA Support: Disabled
 Compressed Oops: Enabled (Zero based)
 Heap Region Size: 2M
 Heap Min Capacity: 8M
 Heap Initial Capacity: 254M
 Heap Max Capacity: 4056M
 Pre-touch: Disabled
 Parallel Workers: 10
 Concurrent Workers: 3
 Concurrent Refinement Workers: 10
 Periodic GC: Disabled

Heap:
 garbage-first heap   total 260096K, used 12288K [0x0000000702800000, 0x0000000800000000)
  region size 2048K, 8 young (16384K), 0 survivors (0K)
 Metaspace       used 7200K, capacity 9295K, committed 9728K, reserved 1058816K
  class space    used 449K, capacity 649K, committed 768K, reserved 1048576K

Heap Regions: E=young(eden), S=young(survivor), O=old, HS=humongous(starts), HC=humongous(continues), CS=collection set, F=free, OA=open archive, CA=closed archive, TAMS=top-at-mark-start (previous, next)
|   0|0x0000000702800000, 0x0000000702800000, 0x0000000702a00000|  0%| F|  |TAMS 0x0000000702800000, 0x0000000702800000| Untracked 
|   1|0x0000000702a00000, 0x0000000702a00000, 0x0000000702c00000|  0%| F|  |TAMS 0x0000000702a00000, 0x0000000702a00000| Untracked 
|   2|0x0000000702c00000, 0x0000000702c00000, 0x0000000702e00000|  0%| F|  |TAMS 0x0000000702c00000, 0x0000000702c00000| Untracked 
|   3|0x0000000702e00000, 0x0000000702e00000, 0x0000000703000000|  0%| F|  |TAMS 0x0000000702e00000, 0x0000000702e00000| Untracked 
|   4|0x0000000703000000, 0x0000000703000000, 0x0000000703200000|  0%| F|  |TAMS 0x0000000703000000, 0x0000000703000000| Untracked 
|   5|0x0000000703200000, 0x0000000703200000, 0x0000000703400000|  0%| F|  |TAMS 0x0000000703200000, 0x0000000703200000| Untracked 
|   6|0x0000000703400000, 0x0000000703400000, 0x0000000703600000|  0%| F|  |TAMS 0x0000000703400000, 0x0000000703400000| Untracked 
|   7|0x0000000703600000, 0x0000000703600000, 0x0000000703800000|  0%| F|  |TAMS 0x0000000703600000, 0x0000000703600000| Untracked 
|   8|0x0000000703800000, 0x0000000703800000, 0x0000000703a00000|  0%| F|  |TAMS 0x0000000703800000, 0x0000000703800000| Untracked 
|   9|0x0000000703a00000, 0x0000000703a00000, 0x0000000703c00000|  0%| F|  |TAMS 0x0000000703a00000, 0x0000000703a00000| Untracked 
|  10|0x0000000703c00000, 0x0000000703c00000, 0x0000000703e00000|  0%| F|  |TAMS 0x0000000703c00000, 0x0000000703c00000| Untracked 
|  11|0x0000000703e00000, 0x0000000703e00000, 0x0000000704000000|  0%| F|  |TAMS 0x0000000703e00000, 0x0000000703e00000| Untracked 
|  12|0x0000000704000000, 0x0000000704000000, 0x0000000704200000|  0%| F|  |TAMS 0x0000000704000000, 0x0000000704000000| Untracked 
|  13|0x0000000704200000, 0x0000000704200000, 0x0000000704400000|  0%| F|  |TAMS 0x0000000704200000, 0x0000000704200000| Untracked 
|  14|0x0000000704400000, 0x0000000704400000, 0x0000000704600000|  0%| F|  |TAMS 0x0000000704400000, 0x0000000704400000| Untracked 
|  15|0x0000000704600000, 0x0000000704600000, 0x0000000704800000|  0%| F|  |TAMS 0x0000000704600000, 0x0000000704600000| Untracked 
|  16|0x0000000704800000, 0x0000000704800000, 0x0000000704a00000|  0%| F|  |TAMS 0x0000000704800000, 0x0000000704800000| Untracked 
|  17|0x0000000704a00000, 0x0000000704a00000, 0x0000000704c00000|  0%| F|  |TAMS 0x0000000704a00000, 0x0000000704a00000| Untracked 
|  18|0x0000000704c00000, 0x0000000704c00000, 0x0000000704e00000|  0%| F|  |TAMS 0x0000000704c00000, 0x0000000704c00000| Untracked 
|  19|0x0000000704e00000, 0x0000000704e00000, 0x0000000705000000|  0%| F|  |TAMS 0x0000000704e00000, 0x0000000704e00000| Untracked 
|  20|0x0000000705000000, 0x0000000705000000, 0x0000000705200000|  0%| F|  |TAMS 0x0000000705000000, 0x0000000705000000| Untracked 
|  21|0x0000000705200000, 0x0000000705200000, 0x0000000705400000|  0%| F|  |TAMS 0x0000000705200000, 0x0000000705200000| Untracked 
|  22|0x0000000705400000, 0x0000000705400000, 0x0000000705600000|  0%| F|  |TAMS 0x0000000705400000, 0x0000000705400000| Untracked 
|  23|0x0000000705600000, 0x0000000705600000, 0x0000000705800000|  0%| F|  |TAMS 0x0000000705600000, 0x0000000705600000| Untracked 
|  24|0x0000000705800000, 0x0000000705800000, 0x0000000705a00000|  0%| F|  |TAMS 0x0000000705800000, 0x0000000705800000| Untracked 
|  25|0x0000000705a00000, 0x0000000705a00000, 0x0000000705c00000|  0%| F|  |TAMS 0x0000000705a00000, 0x0000000705a00000| Untracked 
|  26|0x0000000705c00000, 0x0000000705c00000, 0x0000000705e00000|  0%| F|  |TAMS 0x0000000705c00000, 0x0000000705c00000| Untracked 
|  27|0x0000000705e00000, 0x0000000705e00000, 0x0000000706000000|  0%| F|  |TAMS 0x0000000705e00000, 0x0000000705e00000| Untracked 
|  28|0x0000000706000000, 0x0000000706000000, 0x0000000706200000|  0%| F|  |TAMS 0x0000000706000000, 0x0000000706000000| Untracked 
|  29|0x0000000706200000, 0x0000000706200000, 0x0000000706400000|  0%| F|  |TAMS 0x0000000706200000, 0x0000000706200000| Untracked 
|  30|0x0000000706400000, 0x0000000706400000, 0x0000000706600000|  0%| F|  |TAMS 0x0000000706400000, 0x0000000706400000| Untracked 
|  31|0x0000000706600000, 0x0000000706600000, 0x0000000706800000|  0%| F|  |TAMS 0x0000000706600000, 0x0000000706600000| Untracked 
|  32|0x0000000706800000, 0x0000000706800000, 0x0000000706a00000|  0%| F|  |TAMS 0x0000000706800000, 0x0000000706800000| Untracked 
|  33|0x0000000706a00000, 0x0000000706a00000, 0x0000000706c00000|  0%| F|  |TAMS 0x0000000706a00000, 0x0000000706a00000| Untracked 
|  34|0x0000000706c00000, 0x0000000706c00000, 0x0000000706e00000|  0%| F|  |TAMS 0x0000000706c00000, 0x0000000706c00000| Untracked 
|  35|0x0000000706e00000, 0x0000000706e00000, 0x0000000707000000|  0%| F|  |TAMS 0x0000000706e00000, 0x0000000706e00000| Untracked 
|  36|0x0000000707000000, 0x0000000707000000, 0x0000000707200000|  0%| F|  |TAMS 0x0000000707000000, 0x0000000707000000| Untracked 
|  37|0x0000000707200000, 0x0000000707200000, 0x0000000707400000|  0%| F|  |TAMS 0x0000000707200000, 0x0000000707200000| Untracked 
|  38|0x0000000707400000, 0x0000000707400000, 0x0000000707600000|  0%| F|  |TAMS 0x0000000707400000, 0x0000000707400000| Untracked 
|  39|0x0000000707600000, 0x0000000707600000, 0x0000000707800000|  0%| F|  |TAMS 0x0000000707600000, 0x0000000707600000| Untracked 
|  40|0x0000000707800000, 0x0000000707800000, 0x0000000707a00000|  0%| F|  |TAMS 0x0000000707800000, 0x0000000707800000| Untracked 
|  41|0x0000000707a00000, 0x0000000707a00000, 0x0000000707c00000|  0%| F|  |TAMS 0x0000000707a00000, 0x0000000707a00000| Untracked 
|  42|0x0000000707c00000, 0x0000000707c00000, 0x0000000707e00000|  0%| F|  |TAMS 0x0000000707c00000, 0x0000000707c00000| Untracked 
|  43|0x0000000707e00000, 0x0000000707e00000, 0x0000000708000000|  0%| F|  |TAMS 0x0000000707e00000, 0x0000000707e00000| Untracked 
|  44|0x0000000708000000, 0x0000000708000000, 0x0000000708200000|  0%| F|  |TAMS 0x0000000708000000, 0x0000000708000000| Untracked 
|  45|0x0000000708200000, 0x0000000708200000, 0x0000000708400000|  0%| F|  |TAMS 0x0000000708200000, 0x0000000708200000| Untracked 
|  46|0x0000000708400000, 0x0000000708400000, 0x0000000708600000|  0%| F|  |TAMS 0x0000000708400000, 0x0000000708400000| Untracked 
|  47|0x0000000708600000, 0x0000000708600000, 0x0000000708800000|  0%| F|  |TAMS 0x0000000708600000, 0x0000000708600000| Untracked 
|  48|0x0000000708800000, 0x0000000708800000, 0x0000000708a00000|  0%| F|  |TAMS 0x0000000708800000, 0x0000000708800000| Untracked 
|  49|0x0000000708a00000, 0x0000000708a00000, 0x0000000708c00000|  0%| F|  |TAMS 0x0000000708a00000, 0x0000000708a00000| Untracked 
|  50|0x0000000708c00000, 0x0000000708c00000, 0x0000000708e00000|  0%| F|  |TAMS 0x0000000708c00000, 0x0000000708c00000| Untracked 
|  51|0x0000000708e00000, 0x0000000708e00000, 0x0000000709000000|  0%| F|  |TAMS 0x0000000708e00000, 0x0000000708e00000| Untracked 
|  52|0x0000000709000000, 0x0000000709000000, 0x0000000709200000|  0%| F|  |TAMS 0x0000000709000000, 0x0000000709000000| Untracked 
|  53|0x0000000709200000, 0x0000000709200000, 0x0000000709400000|  0%| F|  |TAMS 0x0000000709200000, 0x0000000709200000| Untracked 
|  54|0x0000000709400000, 0x0000000709400000, 0x0000000709600000|  0%| F|  |TAMS 0x0000000709400000, 0x0000000709400000| Untracked 
|  55|0x0000000709600000, 0x0000000709600000, 0x0000000709800000|  0%| F|  |TAMS 0x0000000709600000, 0x0000000709600000| Untracked 
|  56|0x0000000709800000, 0x0000000709800000, 0x0000000709a00000|  0%| F|  |TAMS 0x0000000709800000, 0x0000000709800000| Untracked 
|  57|0x0000000709a00000, 0x0000000709a00000, 0x0000000709c00000|  0%| F|  |TAMS 0x0000000709a00000, 0x0000000709a00000| Untracked 
|  58|0x0000000709c00000, 0x0000000709c00000, 0x0000000709e00000|  0%| F|  |TAMS 0x0000000709c00000, 0x0000000709c00000| Untracked 
|  59|0x0000000709e00000, 0x0000000709e00000, 0x000000070a000000|  0%| F|  |TAMS 0x0000000709e00000, 0x0000000709e00000| Untracked 
|  60|0x000000070a000000, 0x000000070a000000, 0x000000070a200000|  0%| F|  |TAMS 0x000000070a000000, 0x000000070a000000| Untracked 
|  61|0x000000070a200000, 0x000000070a200000, 0x000000070a400000|  0%| F|  |TAMS 0x000000070a200000, 0x000000070a200000| Untracked 
|  62|0x000000070a400000, 0x000000070a400000, 0x000000070a600000|  0%| F|  |TAMS 0x000000070a400000, 0x000000070a400000| Untracked 
|  63|0x000000070a600000, 0x000000070a600000, 0x000000070a800000|  0%| F|  |TAMS 0x000000070a600000, 0x000000070a600000| Untracked 
|  64|0x000000070a800000, 0x000000070a800000, 0x000000070aa00000|  0%| F|  |TAMS 0x000000070a800000, 0x000000070a800000| Untracked 
|  65|0x000000070aa00000, 0x000000070aa00000, 0x000000070ac00000|  0%| F|  |TAMS 0x000000070aa00000, 0x000000070aa00000| Untracked 
|  66|0x000000070ac00000, 0x000000070ac00000, 0x000000070ae00000|  0%| F|  |TAMS 0x000000070ac00000, 0x000000070ac00000| Untracked 
|  67|0x000000070ae00000, 0x000000070ae00000, 0x000000070b000000|  0%| F|  |TAMS 0x000000070ae00000, 0x000000070ae00000| Untracked 
|  68|0x000000070b000000, 0x000000070b000000, 0x000000070b200000|  0%| F|  |TAMS 0x000000070b000000, 0x000000070b000000| Untracked 
|  69|0x000000070b200000, 0x000000070b200000, 0x000000070b400000|  0%| F|  |TAMS 0x000000070b200000, 0x000000070b200000| Untracked 
|  70|0x000000070b400000, 0x000000070b400000, 0x000000070b600000|  0%| F|  |TAMS 0x000000070b400000, 0x000000070b400000| Untracked 
|  71|0x000000070b600000, 0x000000070b600000, 0x000000070b800000|  0%| F|  |TAMS 0x000000070b600000, 0x000000070b600000| Untracked 
|  72|0x000000070b800000, 0x000000070b800000, 0x000000070ba00000|  0%| F|  |TAMS 0x000000070b800000, 0x000000070b800000| Untracked 
|  73|0x000000070ba00000, 0x000000070ba00000, 0x000000070bc00000|  0%| F|  |TAMS 0x000000070ba00000, 0x000000070ba00000| Untracked 
|  74|0x000000070bc00000, 0x000000070bc00000, 0x000000070be00000|  0%| F|  |TAMS 0x000000070bc00000, 0x000000070bc00000| Untracked 
|  75|0x000000070be00000, 0x000000070be00000, 0x000000070c000000|  0%| F|  |TAMS 0x000000070be00000, 0x000000070be00000| Untracked 
|  76|0x000000070c000000, 0x000000070c000000, 0x000000070c200000|  0%| F|  |TAMS 0x000000070c000000, 0x000000070c000000| Untracked 
|  77|0x000000070c200000, 0x000000070c200000, 0x000000070c400000|  0%| F|  |TAMS 0x000000070c200000, 0x000000070c200000| Untracked 
|  78|0x000000070c400000, 0x000000070c400000, 0x000000070c600000|  0%| F|  |TAMS 0x000000070c400000, 0x000000070c400000| Untracked 
|  79|0x000000070c600000, 0x000000070c600000, 0x000000070c800000|  0%| F|  |TAMS 0x000000070c600000, 0x000000070c600000| Untracked 
|  80|0x000000070c800000, 0x000000070c800000, 0x000000070ca00000|  0%| F|  |TAMS 0x000000070c800000, 0x000000070c800000| Untracked 
|  81|0x000000070ca00000, 0x000000070ca00000, 0x000000070cc00000|  0%| F|  |TAMS 0x000000070ca00000, 0x000000070ca00000| Untracked 
|  82|0x000000070cc00000, 0x000000070cc00000, 0x000000070ce00000|  0%| F|  |TAMS 0x000000070cc00000, 0x000000070cc00000| Untracked 
|  83|0x000000070ce00000, 0x000000070ce00000, 0x000000070d000000|  0%| F|  |TAMS 0x000000070ce00000, 0x000000070ce00000| Untracked 
|  84|0x000000070d000000, 0x000000070d000000, 0x000000070d200000|  0%| F|  |TAMS 0x000000070d000000, 0x000000070d000000| Untracked 
|  85|0x000000070d200000, 0x000000070d200000, 0x000000070d400000|  0%| F|  |TAMS 0x000000070d200000, 0x000000070d200000| Untracked 
|  86|0x000000070d400000, 0x000000070d400000, 0x000000070d600000|  0%| F|  |TAMS 0x000000070d400000, 0x000000070d400000| Untracked 
|  87|0x000000070d600000, 0x000000070d600000, 0x000000070d800000|  0%| F|  |TAMS 0x000000070d600000, 0x000000070d600000| Untracked 
|  88|0x000000070d800000, 0x000000070d800000, 0x000000070da00000|  0%| F|  |TAMS 0x000000070d800000, 0x000000070d800000| Untracked 
|  89|0x000000070da00000, 0x000000070da00000, 0x000000070dc00000|  0%| F|  |TAMS 0x000000070da00000, 0x000000070da00000| Untracked 
|  90|0x000000070dc00000, 0x000000070dc00000, 0x000000070de00000|  0%| F|  |TAMS 0x000000070dc00000, 0x000000070dc00000| Untracked 
|  91|0x000000070de00000, 0x000000070de00000, 0x000000070e000000|  0%| F|  |TAMS 0x000000070de00000, 0x000000070de00000| Untracked 
|  92|0x000000070e000000, 0x000000070e000000, 0x000000070e200000|  0%| F|  |TAMS 0x000000070e000000, 0x000000070e000000| Untracked 
|  93|0x000000070e200000, 0x000000070e200000, 0x000000070e400000|  0%| F|  |TAMS 0x000000070e200000, 0x000000070e200000| Untracked 
|  94|0x000000070e400000, 0x000000070e400000, 0x000000070e600000|  0%| F|  |TAMS 0x000000070e400000, 0x000000070e400000| Untracked 
|  95|0x000000070e600000, 0x000000070e600000, 0x000000070e800000|  0%| F|  |TAMS 0x000000070e600000, 0x000000070e600000| Untracked 
|  96|0x000000070e800000, 0x000000070e800000, 0x000000070ea00000|  0%| F|  |TAMS 0x000000070e800000, 0x000000070e800000| Untracked 
|  97|0x000000070ea00000, 0x000000070ea00000, 0x000000070ec00000|  0%| F|  |TAMS 0x000000070ea00000, 0x000000070ea00000| Untracked 
|  98|0x000000070ec00000, 0x000000070ec00000, 0x000000070ee00000|  0%| F|  |TAMS 0x000000070ec00000, 0x000000070ec00000| Untracked 
|  99|0x000000070ee00000, 0x000000070ee00000, 0x000000070f000000|  0%| F|  |TAMS 0x000000070ee00000, 0x000000070ee00000| Untracked 
| 100|0x000000070f000000, 0x000000070f000000, 0x000000070f200000|  0%| F|  |TAMS 0x000000070f000000, 0x000000070f000000| Untracked 
| 101|0x000000070f200000, 0x000000070f200000, 0x000000070f400000|  0%| F|  |TAMS 0x000000070f200000, 0x000000070f200000| Untracked 
| 102|0x000000070f400000, 0x000000070f400000, 0x000000070f600000|  0%| F|  |TAMS 0x000000070f400000, 0x000000070f400000| Untracked 
| 103|0x000000070f600000, 0x000000070f600000, 0x000000070f800000|  0%| F|  |TAMS 0x000000070f600000, 0x000000070f600000| Untracked 
| 104|0x000000070f800000, 0x000000070f800000, 0x000000070fa00000|  0%| F|  |TAMS 0x000000070f800000, 0x000000070f800000| Untracked 
| 105|0x000000070fa00000, 0x000000070fa00000, 0x000000070fc00000|  0%| F|  |TAMS 0x000000070fa00000, 0x000000070fa00000| Untracked 
| 106|0x000000070fc00000, 0x000000070fc00000, 0x000000070fe00000|  0%| F|  |TAMS 0x000000070fc00000, 0x000000070fc00000| Untracked 
| 107|0x000000070fe00000, 0x000000070fe00000, 0x0000000710000000|  0%| F|  |TAMS 0x000000070fe00000, 0x000000070fe00000| Untracked 
| 108|0x0000000710000000, 0x0000000710000000, 0x0000000710200000|  0%| F|  |TAMS 0x0000000710000000, 0x0000000710000000| Untracked 
| 109|0x0000000710200000, 0x0000000710200000, 0x0000000710400000|  0%| F|  |TAMS 0x0000000710200000, 0x0000000710200000| Untracked 
| 110|0x0000000710400000, 0x0000000710400000, 0x0000000710600000|  0%| F|  |TAMS 0x0000000710400000, 0x0000000710400000| Untracked 
| 111|0x0000000710600000, 0x0000000710600000, 0x0000000710800000|  0%| F|  |TAMS 0x0000000710600000, 0x0000000710600000| Untracked 
| 112|0x0000000710800000, 0x0000000710800000, 0x0000000710a00000|  0%| F|  |TAMS 0x0000000710800000, 0x0000000710800000| Untracked 
| 113|0x0000000710a00000, 0x0000000710a00000, 0x0000000710c00000|  0%| F|  |TAMS 0x0000000710a00000, 0x0000000710a00000| Untracked 
| 114|0x0000000710c00000, 0x0000000710c00000, 0x0000000710e00000|  0%| F|  |TAMS 0x0000000710c00000, 0x0000000710c00000| Untracked 
| 115|0x0000000710e00000, 0x0000000710e00000, 0x0000000711000000|  0%| F|  |TAMS 0x0000000710e00000, 0x0000000710e00000| Untracked 
| 116|0x0000000711000000, 0x0000000711000000, 0x0000000711200000|  0%| F|  |TAMS 0x0000000711000000, 0x0000000711000000| Untracked 
| 117|0x0000000711200000, 0x0000000711200000, 0x0000000711400000|  0%| F|  |TAMS 0x0000000711200000, 0x0000000711200000| Untracked 
| 118|0x0000000711400000, 0x0000000711400000, 0x0000000711600000|  0%| F|  |TAMS 0x0000000711400000, 0x0000000711400000| Untracked 
| 119|0x0000000711600000, 0x00000007117c1258, 0x0000000711800000| 87%| E|  |TAMS 0x0000000711600000, 0x0000000711600000| Complete 
| 120|0x0000000711800000, 0x0000000711a00000, 0x0000000711a00000|100%| E|CS|TAMS 0x0000000711800000, 0x0000000711800000| Complete 
| 121|0x0000000711a00000, 0x0000000711c00000, 0x0000000711c00000|100%| E|CS|TAMS 0x0000000711a00000, 0x0000000711a00000| Complete 
| 122|0x0000000711c00000, 0x0000000711e00000, 0x0000000711e00000|100%| E|  |TAMS 0x0000000711c00000, 0x0000000711c00000| Complete 
| 123|0x0000000711e00000, 0x0000000712000000, 0x0000000712000000|100%| E|CS|TAMS 0x0000000711e00000, 0x0000000711e00000| Complete 
| 124|0x0000000712000000, 0x0000000712200000, 0x0000000712200000|100%| E|CS|TAMS 0x0000000712000000, 0x0000000712000000| Complete 
| 125|0x0000000712200000, 0x0000000712400000, 0x0000000712400000|100%| E|CS|TAMS 0x0000000712200000, 0x0000000712200000| Complete 
| 126|0x0000000712400000, 0x0000000712600000, 0x0000000712600000|100%| E|CS|TAMS 0x0000000712400000, 0x0000000712400000| Complete 

Card table byte_map: [0x00000240240b0000,0x00000240248a0000] _byte_map_base: 0x000002402089c000

Marking Bits (Prev, Next): (CMBitMap*) 0x000002400bec8950, (CMBitMap*) 0x000002400bec8990
 Prev Bits: [0x0000024025090000, 0x0000024028ff0000)
 Next Bits: [0x0000024028ff0000, 0x000002402cf50000)

Polling page: 0x0000024009c70000

Metaspace:

Usage:
  Non-class:      8.44 MB capacity,     6.59 MB ( 78%) used,     1.84 MB ( 22%) free+waste,     8.44 KB ( <1%) overhead. 
      Class:    649.00 KB capacity,   449.84 KB ( 69%) used,   196.41 KB ( 30%) free+waste,     2.75 KB ( <1%) overhead. 
       Both:      9.08 MB capacity,     7.03 MB ( 77%) used,     2.03 MB ( 22%) free+waste,    11.19 KB ( <1%) overhead. 

Virtual space:
  Non-class space:       10.00 MB reserved,       8.75 MB ( 88%) committed 
      Class space:        1.00 GB reserved,     768.00 KB ( <1%) committed 
             Both:        1.01 GB reserved,       9.50 MB ( <1%) committed 

Chunk freelists:
   Non-Class:  122.00 KB
       Class:  23.00 KB
        Both:  145.00 KB

MaxMetaspaceSize: 17179869184.00 GB
CompressedClassSpaceSize: 1.00 GB

CodeHeap 'non-profiled nmethods': size=120000Kb used=240Kb max_used=240Kb free=119759Kb
 bounds [0x000002401be40000, 0x000002401c0b0000, 0x0000024023370000]
CodeHeap 'profiled nmethods': size=120000Kb used=1408Kb max_used=1408Kb free=118592Kb
 bounds [0x0000024014910000, 0x0000024014b80000, 0x000002401be40000]
CodeHeap 'non-nmethods': size=5760Kb used=1625Kb max_used=1630Kb free=4134Kb
 bounds [0x0000024014370000, 0x00000240145e0000, 0x0000024014910000]
 total_blobs=1864 nmethods=841 adapters=936
 compilation: enabled
              stopped_count=0, restarted_count=0
 full_count=0

Compilation events (20 events):
Event: 0.752 Thread 0x000002402fbc42b0  829       1       java.lang.reflect.Field::getName (5 bytes)
Event: 0.752 Thread 0x000002402fbc42b0 nmethod 829 0x000002401be79f10 code [0x000002401be7a0a0, 0x000002401be7a158]
Event: 0.752 Thread 0x000002402fbc42b0  831       3       java.util.zip.ZipUtils::LOCNAM (7 bytes)
Event: 0.752 Thread 0x000002402fbc42b0 nmethod 831 0x0000024014a69d10 code [0x0000024014a69ec0, 0x0000024014a6a058]
Event: 0.753 Thread 0x000002402fbbb8b0  832       4       java.lang.StringBuilder::append (8 bytes)
Event: 0.757 Thread 0x000002402fbbb8b0 nmethod 832 0x000002401be7a210 code [0x000002401be7a3c0, 0x000002401be7a9e8]
Event: 0.770 Thread 0x000002402fbbb8b0  833       4       java.util.HashMap::get (19 bytes)
Event: 0.773 Thread 0x000002402fbc42b0  834       3       java.util.zip.ZipCoder$UTF8ZipCoder::hasTrailingSlash (20 bytes)
Event: 0.773 Thread 0x000002402fbc42b0 nmethod 834 0x0000024014a6a190 code [0x0000024014a6a320, 0x0000024014a6a4d8]
Event: 0.773 Thread 0x000002402fbbb8b0 nmethod 833 0x000002401be7ad90 code [0x000002401be7af40, 0x000002401be7b408]
Event: 0.793 Thread 0x000002402fbc42b0  835       3       java.lang.Class::reflectionData (43 bytes)
Event: 0.793 Thread 0x000002402fbc42b0 nmethod 835 0x0000024014a6a590 code [0x0000024014a6a760, 0x0000024014a6ab58]
Event: 0.795 Thread 0x000002402fbc42b0  837       3       jdk.internal.ref.PhantomCleanable::clean (16 bytes)
Event: 0.796 Thread 0x000002402fbc42b0 nmethod 837 0x0000024014a6ac90 code [0x0000024014a6ae40, 0x0000024014a6b118]
Event: 0.796 Thread 0x000002402fbc42b0  838       3       jdk.internal.ref.CleanerImpl$PhantomCleanableRef::performCleanup (10 bytes)
Event: 0.796 Thread 0x000002402fbc42b0 nmethod 838 0x0000024014a6b210 code [0x0000024014a6b3c0, 0x0000024014a6b588]
Event: 0.804 Thread 0x000002402fbc42b0  839       3       java.io.WinNTFileSystem::resolve (275 bytes)
Event: 0.805 Thread 0x000002402fbc42b0 nmethod 839 0x0000024014a6b690 code [0x0000024014a6bba0, 0x0000024014a6e838]
Event: 0.808 Thread 0x000002402fbc42b0  841       3       java.util.ImmutableCollections$Set12::contains (28 bytes)
Event: 0.808 Thread 0x000002402fbc42b0 nmethod 841 0x0000024014a6fa10 code [0x0000024014a6fbc0, 0x0000024014a6ff18]

GC Heap History (0 events):
No events

Deoptimization events (20 events):
Event: 0.105 Thread 0x000002400be784f0 DEOPT PACKING pc=0x000002401be4bfe0 sp=0x000000c1233fe720
Event: 0.105 Thread 0x000002400be784f0 DEOPT UNPACKING pc=0x00000240143be42f sp=0x000000c1233fe6a8 mode 2
Event: 0.122 Thread 0x000002400be784f0 Uncommon trap: trap_request=0xffffff45 fr.pc=0x000002401be4403c relative=0x000000000000021c
Event: 0.122 Thread 0x000002400be784f0 Uncommon trap: reason=unstable_if action=reinterpret pc=0x000002401be4403c method=java.lang.String.hashCode()I @ 13 c2
Event: 0.122 Thread 0x000002400be784f0 DEOPT PACKING pc=0x000002401be4403c sp=0x000000c1233fbaa0
Event: 0.122 Thread 0x000002400be784f0 DEOPT UNPACKING pc=0x00000240143be42f sp=0x000000c1233fba38 mode 2
Event: 0.221 Thread 0x000002400be784f0 DEOPT PACKING pc=0x0000024014930ddf sp=0x000000c1233f7960
Event: 0.221 Thread 0x000002400be784f0 DEOPT UNPACKING pc=0x00000240143be23f sp=0x000000c1233f6db0 mode 0
Event: 0.261 Thread 0x000002400be784f0 Uncommon trap: trap_request=0xffffff45 fr.pc=0x000002401be6b984 relative=0x0000000000000464
Event: 0.261 Thread 0x000002400be784f0 Uncommon trap: reason=unstable_if action=reinterpret pc=0x000002401be6b984 method=java.lang.StringLatin1.newString([BII)Ljava/lang/String; @ 1 c2
Event: 0.261 Thread 0x000002400be784f0 DEOPT PACKING pc=0x000002401be6b984 sp=0x000000c1233fc500
Event: 0.261 Thread 0x000002400be784f0 DEOPT UNPACKING pc=0x00000240143be42f sp=0x000000c1233fc460 mode 2
Event: 0.614 Thread 0x000002400be784f0 Uncommon trap: trap_request=0xffffff54 fr.pc=0x000002401be75bd8 relative=0x0000000000000058
Event: 0.614 Thread 0x000002400be784f0 Uncommon trap: reason=speculate_null_assert action=make_not_entrant pc=0x000002401be75bd8 method=sun.misc.Unsafe.getLong(Ljava/lang/Object;J)J @ 5 c2
Event: 0.614 Thread 0x000002400be784f0 DEOPT PACKING pc=0x000002401be75bd8 sp=0x000000c1233ff430
Event: 0.614 Thread 0x000002400be784f0 DEOPT UNPACKING pc=0x00000240143be42f sp=0x000000c1233ff3b8 mode 2
Event: 0.742 Thread 0x000002400be784f0 Uncommon trap: trap_request=0xffffff45 fr.pc=0x000002401be67020 relative=0x0000000000000380
Event: 0.742 Thread 0x000002400be784f0 Uncommon trap: reason=unstable_if action=reinterpret pc=0x000002401be67020 method=java.lang.StringLatin1.newString([BII)Ljava/lang/String; @ 1 c2
Event: 0.742 Thread 0x000002400be784f0 DEOPT PACKING pc=0x000002401be67020 sp=0x000000c1233fda20
Event: 0.742 Thread 0x000002400be784f0 DEOPT UNPACKING pc=0x00000240143be42f sp=0x000000c1233fda00 mode 2

Classes unloaded (0 events):
No events

Classes redefined (0 events):
No events

Internal exceptions (20 events):
Event: 0.218 Thread 0x000002400be784f0 Exception <a 'java/lang/NoSuchMethodError'{0x0000000711e81300}: 'java.lang.Object java.lang.invoke.DirectMethodHandle$Holder.invokeStaticInit(java.lang.Object)'> (0x0000000711e81300) 
thrown [./src/hotspot/share/interpreter/linkResolver.cpp, line 782]
Event: 0.226 Thread 0x000002400be784f0 Exception <a 'java/lang/NoSuchMethodError'{0x0000000711ed5340}: 'void java.lang.invoke.DirectMethodHandle$Holder.invokeStatic(java.lang.Object, java.lang.Object)'> (0x0000000711ed5340) 
thrown [./src/hotspot/share/interpreter/linkResolver.cpp, line 782]
Event: 0.229 Thread 0x000002400be784f0 Exception <a 'java/lang/NoSuchMethodError'{0x0000000711ee9db0}: 'java.lang.Object java.lang.invoke.DirectMethodHandle$Holder.invokeStatic(java.lang.Object, java.lang.Object, int)'> (0x0000000711ee9db0) 
thrown [./src/hotspot/share/interpreter/linkResolver.cpp, line 782]
Event: 0.231 Thread 0x000002400be784f0 Exception <a 'java/lang/NoSuchMethodError'{0x0000000711ef60c8}: 'void java.lang.invoke.DelegatingMethodHandle$Holder.delegate(java.lang.Object, java.lang.Object, int, java.lang.Object)'> (0x0000000711ef60c8) 
thrown [./src/hotspot/share/interpreter/linkResolver.cpp, line 782]
Event: 0.231 Thread 0x000002400be784f0 Exception <a 'java/lang/NoSuchMethodError'{0x0000000711efa410}: 'int java.lang.invoke.DirectMethodHandle$Holder.invokeSpecial(java.lang.Object, java.lang.Object, java.lang.Object)'> (0x0000000711efa410) 
thrown [./src/hotspot/share/interpreter/linkResolver.cpp, line 782]
Event: 0.249 Thread 0x000002400be784f0 Exception <a 'sun/nio/fs/WindowsException'{0x0000000711f62318}> (0x0000000711f62318) 
thrown [./src/hotspot/share/prims/jni.cpp, line 578]
Event: 0.249 Thread 0x000002400be784f0 Exception <a 'sun/nio/fs/WindowsException'{0x0000000711f62870}> (0x0000000711f62870) 
thrown [./src/hotspot/share/prims/jni.cpp, line 578]
Event: 0.257 Thread 0x000002400be784f0 Exception <a 'java/lang/NoSuchMethodError'{0x0000000711fa2fb8}: 'int java.lang.invoke.DirectMethodHandle$Holder.invokeStaticInit(java.lang.Object, java.lang.Object, int, long)'> (0x0000000711fa2fb8) 
thrown [./src/hotspot/share/interpreter/linkResolver.cpp, line 782]
Event: 0.257 Thread 0x000002400be784f0 Exception <a 'java/lang/NoSuchMethodError'{0x0000000711fa8a88}: 'java.lang.Object java.lang.invoke.DirectMethodHandle$Holder.newInvokeSpecial(java.lang.Object, java.lang.Object, int)'> (0x0000000711fa8a88) 
thrown [./src/hotspot/share/interpreter/linkResolver.cpp, line 782]
Event: 0.259 Thread 0x000002400be784f0 Exception <a 'java/lang/NoSuchMethodError'{0x0000000711fb8cb0}: 'int java.lang.invoke.DirectMethodHandle$Holder.invokeStaticInit(java.lang.Object, java.lang.Object, long, long)'> (0x0000000711fb8cb0) 
thrown [./src/hotspot/share/interpreter/linkResolver.cpp, line 782]
Event: 0.259 Thread 0x000002400be784f0 Exception <a 'java/lang/NoSuchMethodError'{0x0000000711fbf130}: 'java.lang.Object java.lang.invoke.DirectMethodHandle$Holder.newInvokeSpecial(java.lang.Object, java.lang.Object, long)'> (0x0000000711fbf130) 
thrown [./src/hotspot/share/interpreter/linkResolver.cpp, line 782]
Event: 0.259 Thread 0x000002400be784f0 Exception <a 'java/lang/NoSuchMethodError'{0x0000000711fc3278}: 'java.lang.Object java.lang.invoke.Invokers$Holder.linkToTargetMethod(java.lang.Object, long, java.lang.Object)'> (0x0000000711fc3278) 
thrown [./src/hotspot/share/interpreter/linkResolver.cpp, line 782]
Event: 0.260 Thread 0x000002400be784f0 Exception <a 'java/lang/NoSuchMethodError'{0x0000000711fcac58}: 'int java.lang.invoke.DirectMethodHandle$Holder.invokeStaticInit(java.lang.Object, java.lang.Object, java.lang.Object, long)'> (0x0000000711fcac58) 
thrown [./src/hotspot/share/interpreter/linkResolver.cpp, line 782]
Event: 0.277 Thread 0x000002400be784f0 Exception <a 'sun/nio/fs/WindowsException'{0x0000000711c9c128}> (0x0000000711c9c128) 
thrown [./src/hotspot/share/prims/jni.cpp, line 578]
Event: 0.277 Thread 0x000002400be784f0 Exception <a 'sun/nio/fs/WindowsException'{0x0000000711c9c498}> (0x0000000711c9c498) 
thrown [./src/hotspot/share/prims/jni.cpp, line 578]
Event: 0.557 Thread 0x000002400be784f0 Exception <a 'java/lang/NoSuchMethodError'{0x0000000711cf9910}: 'void java.lang.invoke.DirectMethodHandle$Holder.invokeStaticInit(java.lang.Object, long, int, int, int, int)'> (0x0000000711cf9910) 
thrown [./src/hotspot/share/interpreter/linkResolver.cpp, line 782]
Event: 0.599 Thread 0x000002400be784f0 Exception <a 'sun/nio/fs/WindowsException'{0x0000000711d3c960}> (0x0000000711d3c960) 
thrown [./src/hotspot/share/prims/jni.cpp, line 578]
Event: 0.599 Thread 0x000002400be784f0 Exception <a 'sun/nio/fs/WindowsException'{0x0000000711d3cd10}> (0x0000000711d3cd10) 
thrown [./src/hotspot/share/prims/jni.cpp, line 578]
Event: 0.603 Thread 0x000002400be784f0 Exception <a 'sun/nio/fs/WindowsException'{0x0000000711d4b780}> (0x0000000711d4b780) 
thrown [./src/hotspot/share/prims/jni.cpp, line 578]
Event: 0.603 Thread 0x000002400be784f0 Exception <a 'sun/nio/fs/WindowsException'{0x0000000711d4ba68}> (0x0000000711d4ba68) 
thrown [./src/hotspot/share/prims/jni.cpp, line 578]

Events (20 events):
Event: 0.261 loading class java/math/MutableBigInteger done
Event: 0.261 loading class java/nio/InvalidMarkException
Event: 0.261 loading class java/nio/InvalidMarkException done
Event: 0.262 loading class java/nio/BufferUnderflowException
Event: 0.262 loading class java/nio/BufferUnderflowException done
Event: 0.269 loading class java/util/function/BiPredicate
Event: 0.269 loading class java/util/function/BiPredicate done
Event: 0.280 loading class jdk/internal/reflect/UnsafeQualifiedStaticIntegerFieldAccessorImpl
Event: 0.280 loading class jdk/internal/reflect/UnsafeQualifiedStaticIntegerFieldAccessorImpl done
Event: 0.601 Loaded shared library C:\Users\Capta\AppData\Local\Temp\lwjglCapta\3.3.0-build-21\lwjgl_opengl.dll
Event: 0.612 Loaded shared library C:\Users\Capta\AppData\Local\Temp\lwjglCapta\3.3.0-build-21\lwjgl.dll
Event: 0.641 Loaded shared library C:\Users\Capta\AppData\Local\Temp\lwjglCapta\3.3.0-build-21\lwjgl.dll
Event: 0.669 loading class java/io/Externalizable
Event: 0.669 loading class java/io/Externalizable done
Event: 0.686 loading class java/io/FileReader
Event: 0.686 loading class java/io/FileReader done
Event: 0.739 loading class sun/text/resources/cldr/FormatData_en
Event: 0.739 loading class sun/text/resources/cldr/FormatData_en done
Event: 0.739 loading class sun/text/resources/cldr/FormatData_en_US
Event: 0.739 loading class sun/text/resources/cldr/FormatData_en_US done


Dynamic libraries:
0x00007ff6dea50000 - 0x00007ff6dea5d000 	C:\Program Files\AdoptOpenJDK\jdk-15.0.1.9-hotspot\bin\javaw.exe
0x00007ffd4b900000 - 0x00007ffd4bb09000 	C:\WINDOWS\SYSTEM32\ntdll.dll
0x00007ffd499e0000 - 0x00007ffd49a9d000 	C:\WINDOWS\System32\KERNEL32.DLL
0x00007ffd48ec0000 - 0x00007ffd49234000 	C:\WINDOWS\System32\KERNELBASE.dll
0x00007ffd46060000 - 0x00007ffd460f1000 	C:\WINDOWS\SYSTEM32\apphelp.dll
0x00007ffd493b0000 - 0x00007ffd494c1000 	C:\WINDOWS\System32\ucrtbase.dll
0x00007ffd39800000 - 0x00007ffd39818000 	C:\Program Files\AdoptOpenJDK\jdk-15.0.1.9-hotspot\bin\jli.dll
0x00007ffd39470000 - 0x00007ffd39485000 	C:\Program Files\AdoptOpenJDK\jdk-15.0.1.9-hotspot\bin\VCRUNTIME140.dll
0x00007ffd4a6a0000 - 0x00007ffd4a84c000 	C:\WINDOWS\System32\USER32.dll
0x00007ffd48df0000 - 0x00007ffd48e16000 	C:\WINDOWS\System32\win32u.dll
0x00007ffd21610000 - 0x00007ffd218b5000 	C:\WINDOWS\WinSxS\amd64_microsoft.windows.common-controls_6595b64144ccf1df_6.0.22000.120_none_9d947278b86cc467\COMCTL32.dll
0x00007ffd49910000 - 0x00007ffd49939000 	C:\WINDOWS\System32\GDI32.dll
0x00007ffd497a0000 - 0x00007ffd49843000 	C:\WINDOWS\System32\msvcrt.dll
0x00007ffd49680000 - 0x00007ffd49792000 	C:\WINDOWS\System32\gdi32full.dll
0x00007ffd48e20000 - 0x00007ffd48ebd000 	C:\WINDOWS\System32\msvcp_win.dll
0x00007ffd4a850000 - 0x00007ffd4a881000 	C:\WINDOWS\System32\IMM32.DLL
0x00007ffd2d300000 - 0x00007ffd2d39b000 	C:\Program Files\AdoptOpenJDK\jdk-15.0.1.9-hotspot\bin\msvcp140.dll
0x00007ffcf2cd0000 - 0x00007ffcf385e000 	C:\Program Files\AdoptOpenJDK\jdk-15.0.1.9-hotspot\bin\server\jvm.dll
0x00007ffd49ba0000 - 0x00007ffd49c4e000 	C:\WINDOWS\System32\ADVAPI32.dll
0x00007ffd4a890000 - 0x00007ffd4a92e000 	C:\WINDOWS\System32\sechost.dll
0x00007ffd4a950000 - 0x00007ffd4aa70000 	C:\WINDOWS\System32\RPCRT4.dll
0x00007ffd49b90000 - 0x00007ffd49b98000 	C:\WINDOWS\System32\PSAPI.DLL
0x00007ffd2db90000 - 0x00007ffd2db99000 	C:\WINDOWS\SYSTEM32\WSOCK32.dll
0x00007ffd44080000 - 0x00007ffd440b3000 	C:\WINDOWS\SYSTEM32\WINMM.dll
0x00007ffd4ab60000 - 0x00007ffd4abcf000 	C:\WINDOWS\System32\WS2_32.dll
0x00007ffd44500000 - 0x00007ffd4450a000 	C:\WINDOWS\SYSTEM32\VERSION.dll
0x00007ffd47fa0000 - 0x00007ffd47fb8000 	C:\WINDOWS\SYSTEM32\kernel.appcore.dll
0x00007ffd44070000 - 0x00007ffd4407a000 	C:\Program Files\AdoptOpenJDK\jdk-15.0.1.9-hotspot\bin\jimage.dll
0x00007ffd46b70000 - 0x00007ffd46d91000 	C:\WINDOWS\SYSTEM32\DBGHELP.DLL
0x00007ffd42460000 - 0x00007ffd42491000 	C:\WINDOWS\SYSTEM32\dbgcore.DLL
0x00007ffd494d0000 - 0x00007ffd4954f000 	C:\WINDOWS\System32\bcryptPrimitives.dll
0x00007ffd375d0000 - 0x00007ffd375f5000 	C:\Program Files\AdoptOpenJDK\jdk-15.0.1.9-hotspot\bin\java.dll
0x00007ffd49c50000 - 0x00007ffd4a3fe000 	C:\WINDOWS\System32\SHELL32.dll
0x00007ffd46f30000 - 0x00007ffd47797000 	C:\WINDOWS\SYSTEM32\windows.storage.dll
0x00007ffd4b2e0000 - 0x00007ffd4b658000 	C:\WINDOWS\System32\combase.dll
0x00007ffd46dc0000 - 0x00007ffd46f26000 	C:\WINDOWS\SYSTEM32\wintypes.dll
0x00007ffd4aa70000 - 0x00007ffd4ab5a000 	C:\WINDOWS\System32\SHCORE.dll
0x00007ffd498b0000 - 0x00007ffd4990d000 	C:\WINDOWS\System32\shlwapi.dll
0x00007ffd48d20000 - 0x00007ffd48d41000 	C:\WINDOWS\SYSTEM32\profapi.dll
0x00007ffd39450000 - 0x00007ffd39469000 	C:\Program Files\AdoptOpenJDK\jdk-15.0.1.9-hotspot\bin\net.dll
0x00007ffd44ed0000 - 0x00007ffd44fdc000 	C:\WINDOWS\SYSTEM32\WINHTTP.dll
0x00007ffd483d0000 - 0x00007ffd48437000 	C:\WINDOWS\system32\mswsock.dll
0x00007ffd37510000 - 0x00007ffd37522000 	C:\Program Files\AdoptOpenJDK\jdk-15.0.1.9-hotspot\bin\nio.dll
0x00007ffd36d80000 - 0x00007ffd36d98000 	C:\Program Files\AdoptOpenJDK\jdk-15.0.1.9-hotspot\bin\zip.dll
0x00007ffd42030000 - 0x00007ffd42040000 	C:\Program Files\AdoptOpenJDK\jdk-15.0.1.9-hotspot\bin\verify.dll
0x00007ffd2eda0000 - 0x00007ffd2ee11000 	C:\Users\Capta\AppData\Local\Temp\lwjglCapta\3.3.0-build-21\lwjgl.dll
0x00007ffd2dc20000 - 0x00007ffd2dc81000 	C:\Users\Capta\AppData\Local\Temp\lwjglCapta\3.3.0-build-21\glfw.dll
0x00007ffd30830000 - 0x00007ffd30875000 	C:\WINDOWS\SYSTEM32\dinput8.dll
0x00007ffd3cb20000 - 0x00007ffd3cb31000 	C:\WINDOWS\SYSTEM32\xinput1_4.dll
0x00007ffd48ac0000 - 0x00007ffd48b0c000 	C:\WINDOWS\SYSTEM32\cfgmgr32.dll
0x00007ffd48b10000 - 0x00007ffd48b3c000 	C:\WINDOWS\SYSTEM32\DEVOBJ.dll
0x00007ffd466d0000 - 0x00007ffd466ff000 	C:\WINDOWS\SYSTEM32\dwmapi.dll
0x00007ffd227a0000 - 0x00007ffd22969000 	C:\WINDOWS\SYSTEM32\inputhost.dll
0x00007ffd45d70000 - 0x00007ffd45ea2000 	C:\WINDOWS\SYSTEM32\CoreMessaging.dll
0x00007ffd48620000 - 0x00007ffd4862c000 	C:\WINDOWS\SYSTEM32\CRYPTBASE.DLL
0x00007ffd46200000 - 0x00007ffd462ac000 	C:\WINDOWS\system32\uxtheme.dll
0x00007ffd4b130000 - 0x00007ffd4b24e000 	C:\WINDOWS\System32\MSCTF.dll
0x00007ffd124d0000 - 0x00007ffd125d1000 	C:\WINDOWS\SYSTEM32\opengl32.dll
0x00007ffd12a30000 - 0x00007ffd12a5d000 	C:\WINDOWS\SYSTEM32\GLU32.dll
0x00007ffd46310000 - 0x00007ffd46348000 	C:\WINDOWS\SYSTEM32\dxcore.dll
0x00007ffd4b660000 - 0x00007ffd4b70f000 	C:\WINDOWS\System32\clbcatq.dll
0x00007ffcaa300000 - 0x00007ffcad327000 	C:\WINDOWS\System32\DriverStore\FileRepository\nvaci.inf_amd64_94944f9da089b579\nvoglv64.dll
0x00007ffd4abd0000 - 0x00007ffd4b03c000 	C:\WINDOWS\System32\SETUPAPI.dll
0x00007ffd4b710000 - 0x00007ffd4b8aa000 	C:\WINDOWS\System32\ole32.dll
0x00007ffd4b050000 - 0x00007ffd4b126000 	C:\WINDOWS\System32\OLEAUT32.dll
0x00007ffd443a0000 - 0x00007ffd443b4000 	C:\WINDOWS\SYSTEM32\WTSAPI32.dll
0x00007ffd48690000 - 0x00007ffd486a2000 	C:\WINDOWS\SYSTEM32\msasn1.dll
0x00007ffd42f20000 - 0x00007ffd42f51000 	C:\WINDOWS\SYSTEM32\cryptnet.dll
0x00007ffd49240000 - 0x00007ffd493a2000 	C:\WINDOWS\System32\CRYPT32.dll
0x00007ffd40130000 - 0x00007ffd40279000 	C:\WINDOWS\SYSTEM32\drvstore.dll
0x00007ffd48720000 - 0x00007ffd4875d000 	C:\WINDOWS\SYSTEM32\wldp.dll
0x00007ffd49610000 - 0x00007ffd49677000 	C:\WINDOWS\System32\WINTRUST.dll
0x00007ffd46450000 - 0x00007ffd46484000 	C:\WINDOWS\SYSTEM32\ntmarta.dll
0x00007ffcf1340000 - 0x00007ffcf1607000 	C:\WINDOWS\system32\nvspcap64.dll
0x00007ffd477b0000 - 0x00007ffd477fd000 	C:\WINDOWS\SYSTEM32\powrprof.dll
0x00007ffd478a0000 - 0x00007ffd478b3000 	C:\WINDOWS\SYSTEM32\UMPDC.dll
0x00007ffd47a50000 - 0x00007ffd47ab3000 	C:\WINDOWS\SYSTEM32\WINSTA.dll
0x00007ffd2da10000 - 0x00007ffd2db3d000 	C:\WINDOWS\SYSTEM32\textinputframework.dll
0x00007ffd2c4a0000 - 0x00007ffd2c80d000 	C:\WINDOWS\SYSTEM32\CoreUIComponents.dll
0x00007ffd223f0000 - 0x00007ffd22459000 	C:\WINDOWS\system32\Oleacc.dll
0x00007ffd2f150000 - 0x00007ffd2f1ad000 	C:\Users\Capta\AppData\Local\Temp\lwjglCapta\3.3.0-build-21\lwjgl_opengl.dll

dbghelp: loaded successfully - version: 4.0.5 - missing functions: none
symbol engine: initialized successfully - sym options: 0x614 - pdb path: .;C:\Program Files\AdoptOpenJDK\jdk-15.0.1.9-hotspot\bin;C:\WINDOWS\SYSTEM32;C:\WINDOWS\WinSxS\amd64_microsoft.windows.common-controls_6595b64144ccf1df_6.0.22000.120_none_9d947278b86cc467;C:\Program Files\AdoptOpenJDK\jdk-15.0.1.9-hotspot\bin\server;C:\Users\Capta\AppData\Local\Temp\lwjglCapta\3.3.0-build-21;C:\WINDOWS\System32\DriverStore\FileRepository\nvaci.inf_amd64_94944f9da089b579

VM Arguments:
jvm_args: -Dfile.encoding=Cp1252 -XX:+ShowCodeDetailsInExceptionMessages 
java_command: captainsly.Main
java_class_path (initial): Z:\Programming Folder\Java Workspace\2DAdventureEngine\bin\main;C:\Users\Capta\.gradle\caches\modules-2\files-2.1\org.slf4j\slf4j-reload4j\2.0.0-alpha6\9bf6b0d6bbdf8741d4871a6ab5238d590637a261\slf4j-reload4j-2.0.0-alpha6.jar;C:\Users\Capta\.gradle\caches\modules-2\files-2.1\org.slf4j\slf4j-api\2.0.0-alpha6\4dbe258ca244936b915f15bc6006cb4224421390\slf4j-api-2.0.0-alpha6.jar;C:\Users\Capta\.gradle\caches\modules-2\files-2.1\ch.qos.reload4j\reload4j\1.2.19\4eae9978468c5e885a6fb44df7e2bbc07a20e6ce\reload4j-1.2.19.jar;C:\Users\Capta\.gradle\caches\modules-2\files-2.1\io.github.spair\imgui-java-binding\1.86.2\cf20ff65a85b940e86638d3cf1e868c51b34823c\imgui-java-binding-1.86.2.jar;C:\Users\Capta\.gradle\caches\modules-2\files-2.1\io.github.spair\imgui-java-lwjgl3\1.86.2\79ef2067dbc9c6789cf153edd2bce36c66c176e7\imgui-java-lwjgl3-1.86.2.jar;C:\Users\Capta\.gradle\caches\modules-2\files-2.1\io.github.spair\imgui-java-natives-windows\1.86.2\3b651cbf1dd9ea36ecce028b6fbd73b2019de5e3\imgui-java-natives-windows-1.86.2.jar;C:\Users\Capta\.gradle\caches\modules-2\files-2.1\org.lwjgl\lwjgl-assimp\3.3.0\82135e856184e76d38a97f729141298d3edcf0e4\lwjgl-assimp-3.3.0.jar;C:\Users\Capta\.gradle\caches\modules-2\files-2.1\org.lwjgl\lwjgl-bgfx\3.3.0\b9e9a62b741bdc60f9207a4d4de6e61a2b7de6af\lwjgl-bgfx-3.3.0.jar;C:\Users\Capta\.gradle\caches\modules-2\files-2.1\org.lwjgl\lwjgl-glfw\3.3.0\899e34f314525596f8fdb6476d3e56104da4601d\lwjgl-glfw-3.3.0.jar;C:\Users\Capta\.gradle\caches\modules-2\files-2.1\org.lwjgl\lwjgl-nanovg\3.3.0\a15688d6e6c7136cebc5b63f30d120f702f6587c\lwjgl-nanovg-3.3.0.jar;C:\Users\Capta\.gradle\caches\modules-2\files-2.1\org.lwjgl\lwjgl-nuklear\3.3.0\8dbbdce4f28384c2abdfe8d0abff5f4c9bae286e\lwjgl-nuklear-3.3.0.jar;C:\Users\Capta\.gradle\caches\modules-2\files-2.1\org.lwjgl\lwjgl-openal\3.3.0\902dd57b5a46e8a75ee843c2db61f80b4d130d48\lwjgl-openal-3.3.0.jar;C:\Users\Capta\.gradle\caches\modules-2\files-2.1\org.lwjgl\lwjgl-opengl\3.3.0\a1f395f7758a3abd5a
Launcher Type: SUN_STANDARD

[Global flags]
     intx CICompilerCount                          = 4                                         {product} {ergonomic}
     uint ConcGCThreads                            = 3                                         {product} {ergonomic}
     uint G1ConcRefinementThreads                  = 10                                        {product} {ergonomic}
   size_t G1HeapRegionSize                         = 2097152                                   {product} {ergonomic}
    uintx GCDrainStackTargetSize                   = 64                                        {product} {ergonomic}
   size_t InitialHeapSize                          = 266338304                                 {product} {ergonomic}
   size_t MarkStackSize                            = 4194304                                   {product} {ergonomic}
   size_t MaxHeapSize                              = 4253024256                                {product} {ergonomic}
   size_t MaxNewSize                               = 2550136832                                {product} {ergonomic}
   size_t MinHeapDeltaBytes                        = 2097152                                   {product} {ergonomic}
   size_t MinHeapSize                              = 8388608                                   {product} {ergonomic}
    uintx NonNMethodCodeHeapSize                   = 5839372                                {pd product} {ergonomic}
    uintx NonProfiledCodeHeapSize                  = 122909434                              {pd product} {ergonomic}
    uintx ProfiledCodeHeapSize                     = 122909434                              {pd product} {ergonomic}
    uintx ReservedCodeCacheSize                    = 251658240                              {pd product} {ergonomic}
     bool SegmentedCodeCache                       = true                                      {product} {ergonomic}
     bool ShowCodeDetailsInExceptionMessages       = true                                   {manageable} {command line}
   size_t SoftMaxHeapSize                          = 4253024256                             {manageable} {ergonomic}
     bool UseCompressedClassPointers               = true                                 {lp64_product} {ergonomic}
     bool UseCompressedOops                        = true                                 {lp64_product} {ergonomic}
     bool UseG1GC                                  = true                                      {product} {ergonomic}
     bool UseLargePagesIndividualAllocation        = false                                  {pd product} {ergonomic}

Logging:
Log output configuration:
 #0: stdout all=warning uptime,level,tags
 #1: stderr all=off uptime,level,tags

Environment Variables:
JAVA_HOME=C:\Program Files\Eclipse Foundation\jdk-8.0.302.8-hotspot
PATH=C:/Users/Capta/.p2/pool/plugins/org.eclipse.justj.openjdk.hotspot.jre.full.win32.x86_64_15.0.1.v20201027-0507/jre/bin/server;C:/Users/Capta/.p2/pool/plugins/org.eclipse.justj.openjdk.hotspot.jre.full.win32.x86_64_15.0.1.v20201027-0507/jre/bin;Z:\JDK Location\jdk-17+35_hotspot\bin;C:\Program Files\Eclipse Foundation\jdk-8.0.302.8-hotspot\bin;C:\Program Files\AdoptOpenJDK\jdk-16.0.1.9-hotspot\bin;Z:\devkitpro\msys2\usr\bin;C:\Program Files\AdoptOpenJDK\jdk-15.0.1.9-hotspot\bin;C:\Program Files\AdoptOpenJDK\jdk-11.0.9.101-hotspot\bin;C:\Windows\system32;C:\Windows;C:\Windows\System32\Wbem;C:\Windows\System32\WindowsPowerShell\v1.0\;C:\Windows\System32\OpenSSH\;C:\Program Files (x86)\NVIDIA Corporation\PhysX\Common;C:\Program Files\NVIDIA Corporation\NVIDIA NvDLISR;Z:\Program Files\Git\cmd;Z:\nano\;C:\Program Files\qemu;;C:\Program Files\Docker\Docker\resources\bin;C:\ProgramData\DockerDesktop\version-bin;C:\Program Files\CMake\bin;C:\WINDOWS\system32;C:\WINDOWS;C:\WINDOWS\System32\Wbem;C:\WINDOWS\System32\WindowsPowerShell\v1.0\;C:\WINDOWS\System32\OpenSSH\;C:\FPC\3.2.2\bin\i386-Win32;C:\Program Files\dotnet\;Z:\Ruby\bin;c:\jruby-9.2.19.0\bin;C:\Users\Capta\.cargo\bin;C:\Users\Capta\AppData\Local\Microsoft\WindowsApps;C:\Users\Capta\AppData\Local\atom\bin;C:\Program Files\qemu;Z:\gradle-7.1.1\bin;Z:\VisualStudioCode\bin;C:\Users\Capta\AppData\Local\Microsoft\WindowsApps;C:\Users\Capta\AppData\Local\GitHubDesktop\bin;Z:\Programming Folder\C++\vcpkg;Z:\Intellij\bin;;Z:\graalvm-ce-java11-21.3.0\bin;Z:\ghidra_10.1_PUBLIC;C:\Users\Capta\.dotnet\tools;C:\WINDOWS\system32;
USERNAME=Capta
OS=Windows_NT
PROCESSOR_IDENTIFIER=Intel64 Family 6 Model 158 Stepping 10, GenuineIntel



---------------  S Y S T E M  ---------------

OS:
 Windows 10 , 64 bit Build 22000 (10.0.22000.434)
OS uptime: 0 days 19:54 hours
HyperV virtualization detected

CPU: total 12 (initial active 12) (6 cores per cpu, 2 threads per core) family 6 model 158 stepping 10 microcode 0xde, cmov, cx8, fxsr, mmx, sse, sse2, sse3, ssse3, sse4.1, sse4.2, popcnt, vzeroupper, avx, avx2, aes, clmul, erms, 3dnowpref, lzcnt, ht, tsc, tscinvbit, bmi1, bmi2, adx, fma, clflush, clflushopt

Memory: 4k page, system-wide physical 16221M (7063M free)
TotalPageFile size 18781M (AvailPageFile size 4297M)
current process WorkingSet (physical memory assigned to process): 101M, peak: 102M
current process commit charge ("private bytes"): 409M, peak: 410M

vm_info: OpenJDK 64-Bit Server VM (15.0.1+9) for windows-amd64 JRE (15.0.1+9), built on Oct 23 2020 04:11:16 by "" with MS VC++ 15.9 (VS2017)

END.
